[debug] [2020-04-22T19:07:37.058Z] ----------------------------------------------------------------------
[debug] [2020-04-22T19:07:37.060Z] Command:       /usr/local/bin/firebase /Users/taal/.cache/firebase/tools/lib/node_modules/firebase-tools/lib/bin/firebase deploy
[debug] [2020-04-22T19:07:37.060Z] CLI Version:   8.1.1
[debug] [2020-04-22T19:07:37.060Z] Platform:      darwin
[debug] [2020-04-22T19:07:37.060Z] Node Version:  v12.16.1
[debug] [2020-04-22T19:07:37.061Z] Time:          Wed Apr 22 2020 21:07:37 GMT+0200 (Eastern European Standard Time)
[debug] [2020-04-22T19:07:37.061Z] ----------------------------------------------------------------------
[debug] [2020-04-22T19:07:37.061Z] 
[debug] [2020-04-22T19:07:37.068Z] > command requires scopes: ["email","openid","https://www.googleapis.com/auth/cloudplatformprojects.readonly","https://www.googleapis.com/auth/firebase","https://www.googleapis.com/auth/cloud-platform"]
[debug] [2020-04-22T19:07:37.069Z] > authorizing via signed-in user
[debug] [2020-04-22T19:07:37.069Z] [iam] checking project cybersectntdemo for permissions ["cloudfunctions.functions.create","cloudfunctions.functions.delete","cloudfunctions.functions.get","cloudfunctions.functions.list","cloudfunctions.functions.update","cloudfunctions.operations.get","datastore.indexes.create","datastore.indexes.delete","datastore.indexes.list","datastore.indexes.update","firebase.projects.get","firebasehosting.sites.update"]
[debug] [2020-04-22T19:07:37.071Z] >>> HTTP REQUEST POST https://cloudresourcemanager.googleapis.com/v1/projects/cybersectntdemo:testIamPermissions  
 {"permissions":["cloudfunctions.functions.create","cloudfunctions.functions.delete","cloudfunctions.functions.get","cloudfunctions.functions.list","cloudfunctions.functions.update","cloudfunctions.operations.get","datastore.indexes.create","datastore.indexes.delete","datastore.indexes.list","datastore.indexes.update","firebase.projects.get","firebasehosting.sites.update"]}
[debug] [2020-04-22T19:07:38.303Z] <<< HTTP RESPONSE 200 {"content-type":"application/json; charset=UTF-8","vary":"X-Origin, Referer, Origin,Accept-Encoding","date":"Wed, 22 Apr 2020 19:07:40 GMT","server":"ESF","cache-control":"private","x-xss-protection":"0","x-frame-options":"SAMEORIGIN","x-content-type-options":"nosniff","server-timing":"gfet4t7; dur=756","alt-svc":"quic=\":443\"; ma=2592000; v=\"46,43\",h3-Q050=\":443\"; ma=2592000,h3-Q049=\":443\"; ma=2592000,h3-Q048=\":443\"; ma=2592000,h3-Q046=\":443\"; ma=2592000,h3-Q043=\":443\"; ma=2592000,h3-T050=\":443\"; ma=2592000","accept-ranges":"none","transfer-encoding":"chunked"}
[debug] [2020-04-22T19:07:38.305Z] >>> HTTP REQUEST POST https://iam.googleapis.com/v1/projects/cybersectntdemo/serviceAccounts/cybersectntdemo@appspot.gserviceaccount.com:testIamPermissions  
 {"permissions":["iam.serviceAccounts.actAs"]}
[debug] [2020-04-22T19:07:39.839Z] <<< HTTP RESPONSE 200 {"content-type":"application/json; charset=UTF-8","vary":"X-Origin, Referer, Origin,Accept-Encoding","date":"Wed, 22 Apr 2020 19:07:42 GMT","server":"ESF","cache-control":"private","x-xss-protection":"0","x-frame-options":"SAMEORIGIN","x-content-type-options":"nosniff","alt-svc":"quic=\":443\"; ma=2592000; v=\"46,43\",h3-Q050=\":443\"; ma=2592000,h3-Q049=\":443\"; ma=2592000,h3-Q048=\":443\"; ma=2592000,h3-Q046=\":443\"; ma=2592000,h3-Q043=\":443\"; ma=2592000,h3-T050=\":443\"; ma=2592000","accept-ranges":"none","transfer-encoding":"chunked"}
[debug] [2020-04-22T19:07:39.840Z] >>> HTTP REQUEST GET https://firebase.googleapis.com/v1beta1/projects/cybersectntdemo  
 
[debug] [2020-04-22T19:07:40.444Z] <<< HTTP RESPONSE 200 {"content-type":"application/json; charset=UTF-8","vary":"X-Origin, Referer, Origin,Accept-Encoding","date":"Wed, 22 Apr 2020 19:07:42 GMT","server":"ESF","cache-control":"private","x-xss-protection":"0","x-frame-options":"SAMEORIGIN","x-content-type-options":"nosniff","alt-svc":"quic=\":443\"; ma=2592000; v=\"46,43\",h3-Q050=\":443\"; ma=2592000,h3-Q049=\":443\"; ma=2592000,h3-Q048=\":443\"; ma=2592000,h3-Q046=\":443\"; ma=2592000,h3-Q043=\":443\"; ma=2592000,h3-T050=\":443\"; ma=2592000","accept-ranges":"none","transfer-encoding":"chunked"}
[debug] [2020-04-22T19:07:40.935Z] TypeError [ERR_INVALID_ARG_TYPE]: The "path" argument must be of type string. Received undefined
    at validateString (internal/validators.js:117:11)
    at Object.join (path.js:1039:7)
    at Object.checkFunctionsSDKVersion [as fn] (/Users/taal/.cache/firebase/tools/lib/node_modules/firebase-tools/lib/checkFirebaseSDKVersion.js:33:28)
    at Command.<anonymous> (/Users/taal/.cache/firebase/tools/lib/node_modules/firebase-tools/lib/command.js:159:30)
    at Generator.next (<anonymous>)
    at fulfilled (/Users/taal/.cache/firebase/tools/lib/node_modules/firebase-tools/lib/command.js:5:58)
    at processTicksAndRejections (internal/process/task_queues.js:97:5)
[error] 
[error] Error: An unexpected error has occurred.
[debug] [2020-04-22T19:08:23.547Z] ----------------------------------------------------------------------
[debug] [2020-04-22T19:08:23.549Z] Command:       /usr/local/bin/firebase /Users/taal/.cache/firebase/tools/lib/node_modules/firebase-tools/lib/bin/firebase deploy --only firestore
[debug] [2020-04-22T19:08:23.549Z] CLI Version:   8.1.1
[debug] [2020-04-22T19:08:23.549Z] Platform:      darwin
[debug] [2020-04-22T19:08:23.549Z] Node Version:  v12.16.1
[debug] [2020-04-22T19:08:23.550Z] Time:          Wed Apr 22 2020 21:08:23 GMT+0200 (Eastern European Standard Time)
[debug] [2020-04-22T19:08:23.550Z] ----------------------------------------------------------------------
[debug] [2020-04-22T19:08:23.550Z] 
[debug] [2020-04-22T19:08:23.557Z] > command requires scopes: ["email","openid","https://www.googleapis.com/auth/cloudplatformprojects.readonly","https://www.googleapis.com/auth/firebase","https://www.googleapis.com/auth/cloud-platform"]
[debug] [2020-04-22T19:08:23.558Z] > authorizing via signed-in user
[debug] [2020-04-22T19:08:23.558Z] [iam] checking project cybersectntdemo for permissions ["datastore.indexes.create","datastore.indexes.delete","datastore.indexes.list","datastore.indexes.update","firebase.projects.get"]
[debug] [2020-04-22T19:08:23.560Z] >>> HTTP REQUEST POST https://cloudresourcemanager.googleapis.com/v1/projects/cybersectntdemo:testIamPermissions  
 {"permissions":["datastore.indexes.create","datastore.indexes.delete","datastore.indexes.list","datastore.indexes.update","firebase.projects.get"]}
[debug] [2020-04-22T19:08:24.577Z] <<< HTTP RESPONSE 200 {"content-type":"application/json; charset=UTF-8","vary":"X-Origin, Referer, Origin,Accept-Encoding","date":"Wed, 22 Apr 2020 19:08:27 GMT","server":"ESF","cache-control":"private","x-xss-protection":"0","x-frame-options":"SAMEORIGIN","x-content-type-options":"nosniff","server-timing":"gfet4t7; dur=731","alt-svc":"quic=\":443\"; ma=2592000; v=\"46,43\",h3-Q050=\":443\"; ma=2592000,h3-Q049=\":443\"; ma=2592000,h3-Q048=\":443\"; ma=2592000,h3-Q046=\":443\"; ma=2592000,h3-Q043=\":443\"; ma=2592000,h3-T050=\":443\"; ma=2592000","accept-ranges":"none","transfer-encoding":"chunked"}
[debug] [2020-04-22T19:08:24.857Z] TypeError [ERR_INVALID_ARG_TYPE]: The "path" argument must be of type string. Received undefined
    at validateString (internal/validators.js:117:11)
    at Object.join (path.js:1039:7)
    at Object.checkFunctionsSDKVersion [as fn] (/Users/taal/.cache/firebase/tools/lib/node_modules/firebase-tools/lib/checkFirebaseSDKVersion.js:33:28)
    at Command.<anonymous> (/Users/taal/.cache/firebase/tools/lib/node_modules/firebase-tools/lib/command.js:159:30)
    at Generator.next (<anonymous>)
    at fulfilled (/Users/taal/.cache/firebase/tools/lib/node_modules/firebase-tools/lib/command.js:5:58)
    at processTicksAndRejections (internal/process/task_queues.js:97:5)
[error] 
[error] Error: An unexpected error has occurred.
[debug] [2020-04-22T19:10:16.261Z] ----------------------------------------------------------------------
[debug] [2020-04-22T19:10:16.263Z] Command:       /usr/local/bin/firebase /Users/taal/.cache/firebase/tools/lib/node_modules/firebase-tools/lib/bin/firebase deploy
[debug] [2020-04-22T19:10:16.264Z] CLI Version:   8.1.1
[debug] [2020-04-22T19:10:16.264Z] Platform:      darwin
[debug] [2020-04-22T19:10:16.264Z] Node Version:  v12.16.1
[debug] [2020-04-22T19:10:16.265Z] Time:          Wed Apr 22 2020 21:10:16 GMT+0200 (Eastern European Standard Time)
[debug] [2020-04-22T19:10:16.266Z] ----------------------------------------------------------------------
[debug] [2020-04-22T19:10:16.266Z] 
[debug] [2020-04-22T19:10:16.275Z] > command requires scopes: ["email","openid","https://www.googleapis.com/auth/cloudplatformprojects.readonly","https://www.googleapis.com/auth/firebase","https://www.googleapis.com/auth/cloud-platform"]
[debug] [2020-04-22T19:10:16.276Z] > authorizing via signed-in user
[debug] [2020-04-22T19:10:16.276Z] [iam] checking project cybersectntdemo for permissions ["cloudfunctions.functions.create","cloudfunctions.functions.delete","cloudfunctions.functions.get","cloudfunctions.functions.list","cloudfunctions.functions.update","cloudfunctions.operations.get","datastore.indexes.create","datastore.indexes.delete","datastore.indexes.list","datastore.indexes.update","firebase.projects.get","firebasehosting.sites.update"]
[debug] [2020-04-22T19:10:16.279Z] >>> HTTP REQUEST POST https://cloudresourcemanager.googleapis.com/v1/projects/cybersectntdemo:testIamPermissions  
 {"permissions":["cloudfunctions.functions.create","cloudfunctions.functions.delete","cloudfunctions.functions.get","cloudfunctions.functions.list","cloudfunctions.functions.update","cloudfunctions.operations.get","datastore.indexes.create","datastore.indexes.delete","datastore.indexes.list","datastore.indexes.update","firebase.projects.get","firebasehosting.sites.update"]}
[debug] [2020-04-22T19:10:17.273Z] <<< HTTP RESPONSE 200 {"content-type":"application/json; charset=UTF-8","vary":"X-Origin, Referer, Origin,Accept-Encoding","date":"Wed, 22 Apr 2020 19:10:19 GMT","server":"ESF","cache-control":"private","x-xss-protection":"0","x-frame-options":"SAMEORIGIN","x-content-type-options":"nosniff","server-timing":"gfet4t7; dur=733","alt-svc":"quic=\":443\"; ma=2592000; v=\"46,43\",h3-Q050=\":443\"; ma=2592000,h3-Q049=\":443\"; ma=2592000,h3-Q048=\":443\"; ma=2592000,h3-Q046=\":443\"; ma=2592000,h3-Q043=\":443\"; ma=2592000,h3-T050=\":443\"; ma=2592000","accept-ranges":"none","transfer-encoding":"chunked"}
[debug] [2020-04-22T19:10:17.275Z] >>> HTTP REQUEST POST https://iam.googleapis.com/v1/projects/cybersectntdemo/serviceAccounts/cybersectntdemo@appspot.gserviceaccount.com:testIamPermissions  
 {"permissions":["iam.serviceAccounts.actAs"]}
[debug] [2020-04-22T19:10:18.540Z] <<< HTTP RESPONSE 200 {"content-type":"application/json; charset=UTF-8","vary":"X-Origin, Referer, Origin,Accept-Encoding","date":"Wed, 22 Apr 2020 19:10:20 GMT","server":"ESF","cache-control":"private","x-xss-protection":"0","x-frame-options":"SAMEORIGIN","x-content-type-options":"nosniff","alt-svc":"quic=\":443\"; ma=2592000; v=\"46,43\",h3-Q050=\":443\"; ma=2592000,h3-Q049=\":443\"; ma=2592000,h3-Q048=\":443\"; ma=2592000,h3-Q046=\":443\"; ma=2592000,h3-Q043=\":443\"; ma=2592000,h3-T050=\":443\"; ma=2592000","accept-ranges":"none","transfer-encoding":"chunked"}
[debug] [2020-04-22T19:10:18.542Z] >>> HTTP REQUEST GET https://firebase.googleapis.com/v1beta1/projects/cybersectntdemo  
 
[debug] [2020-04-22T19:10:18.940Z] <<< HTTP RESPONSE 200 {"content-type":"application/json; charset=UTF-8","vary":"X-Origin, Referer, Origin,Accept-Encoding","date":"Wed, 22 Apr 2020 19:10:21 GMT","server":"ESF","cache-control":"private","x-xss-protection":"0","x-frame-options":"SAMEORIGIN","x-content-type-options":"nosniff","alt-svc":"quic=\":443\"; ma=2592000; v=\"46,43\",h3-Q050=\":443\"; ma=2592000,h3-Q049=\":443\"; ma=2592000,h3-Q048=\":443\"; ma=2592000,h3-Q046=\":443\"; ma=2592000,h3-Q043=\":443\"; ma=2592000,h3-T050=\":443\"; ma=2592000","accept-ranges":"none","transfer-encoding":"chunked"}
[debug] [2020-04-22T19:10:19.236Z] TypeError [ERR_INVALID_ARG_TYPE]: The "path" argument must be of type string. Received undefined
    at validateString (internal/validators.js:117:11)
    at Object.join (path.js:1039:7)
    at Object.checkFunctionsSDKVersion [as fn] (/Users/taal/.cache/firebase/tools/lib/node_modules/firebase-tools/lib/checkFirebaseSDKVersion.js:33:28)
    at Command.<anonymous> (/Users/taal/.cache/firebase/tools/lib/node_modules/firebase-tools/lib/command.js:159:30)
    at Generator.next (<anonymous>)
    at fulfilled (/Users/taal/.cache/firebase/tools/lib/node_modules/firebase-tools/lib/command.js:5:58)
    at processTicksAndRejections (internal/process/task_queues.js:97:5)
[error] 
[error] Error: An unexpected error has occurred.
[debug] [2020-04-23T10:33:31.422Z] ----------------------------------------------------------------------
[debug] [2020-04-23T10:33:31.424Z] Command:       /usr/local/bin/firebase /Users/taal/.cache/firebase/tools/lib/node_modules/firebase-tools/lib/bin/firebase deploy
[debug] [2020-04-23T10:33:31.424Z] CLI Version:   8.1.1
[debug] [2020-04-23T10:33:31.424Z] Platform:      darwin
[debug] [2020-04-23T10:33:31.424Z] Node Version:  v12.16.1
[debug] [2020-04-23T10:33:31.430Z] Time:          Thu Apr 23 2020 12:33:31 GMT+0200 (Eastern European Standard Time)
[debug] [2020-04-23T10:33:31.430Z] ----------------------------------------------------------------------
[debug] [2020-04-23T10:33:31.430Z] 
[debug] [2020-04-23T10:33:31.440Z] > command requires scopes: ["email","openid","https://www.googleapis.com/auth/cloudplatformprojects.readonly","https://www.googleapis.com/auth/firebase","https://www.googleapis.com/auth/cloud-platform"]
[debug] [2020-04-23T10:33:31.441Z] > authorizing via signed-in user
[debug] [2020-04-23T10:33:31.441Z] [iam] checking project cybersectntdemo for permissions ["cloudfunctions.functions.create","cloudfunctions.functions.delete","cloudfunctions.functions.get","cloudfunctions.functions.list","cloudfunctions.functions.update","cloudfunctions.operations.get","datastore.indexes.create","datastore.indexes.delete","datastore.indexes.list","datastore.indexes.update","firebase.projects.get","firebasehosting.sites.update"]
[debug] [2020-04-23T10:33:31.444Z] > refreshing access token with scopes: ["email","https://www.googleapis.com/auth/cloud-platform","https://www.googleapis.com/auth/cloudplatformprojects.readonly","https://www.googleapis.com/auth/firebase","openid"]
[debug] [2020-04-23T10:33:31.445Z] >>> HTTP REQUEST POST https://www.googleapis.com/oauth2/v3/token  
 <request body omitted>
[debug] [2020-04-23T10:33:31.810Z] <<< HTTP RESPONSE 200 {"content-type":"application/json; charset=utf-8","vary":"X-Origin, Referer, Origin,Accept-Encoding","date":"Thu, 23 Apr 2020 10:33:36 GMT","server":"scaffolding on HTTPServer2","cache-control":"private","x-xss-protection":"0","x-frame-options":"SAMEORIGIN","x-content-type-options":"nosniff","alt-svc":"quic=\":443\"; ma=2592000; v=\"46,43\",h3-Q050=\":443\"; ma=2592000,h3-Q049=\":443\"; ma=2592000,h3-Q048=\":443\"; ma=2592000,h3-Q046=\":443\"; ma=2592000,h3-Q043=\":443\"; ma=2592000,h3-T050=\":443\"; ma=2592000","accept-ranges":"none","transfer-encoding":"chunked"}
[debug] [2020-04-23T10:33:31.833Z] >>> HTTP REQUEST POST https://cloudresourcemanager.googleapis.com/v1/projects/cybersectntdemo:testIamPermissions  
 {"permissions":["cloudfunctions.functions.create","cloudfunctions.functions.delete","cloudfunctions.functions.get","cloudfunctions.functions.list","cloudfunctions.functions.update","cloudfunctions.operations.get","datastore.indexes.create","datastore.indexes.delete","datastore.indexes.list","datastore.indexes.update","firebase.projects.get","firebasehosting.sites.update"]}
[debug] [2020-04-23T10:33:32.888Z] <<< HTTP RESPONSE 200 {"content-type":"application/json; charset=UTF-8","vary":"X-Origin, Referer, Origin,Accept-Encoding","date":"Thu, 23 Apr 2020 10:33:37 GMT","server":"ESF","cache-control":"private","x-xss-protection":"0","x-frame-options":"SAMEORIGIN","x-content-type-options":"nosniff","server-timing":"gfet4t7; dur=731","alt-svc":"quic=\":443\"; ma=2592000; v=\"46,43\",h3-Q050=\":443\"; ma=2592000,h3-Q049=\":443\"; ma=2592000,h3-Q048=\":443\"; ma=2592000,h3-Q046=\":443\"; ma=2592000,h3-Q043=\":443\"; ma=2592000,h3-T050=\":443\"; ma=2592000","accept-ranges":"none","transfer-encoding":"chunked"}
[debug] [2020-04-23T10:33:32.890Z] >>> HTTP REQUEST POST https://iam.googleapis.com/v1/projects/cybersectntdemo/serviceAccounts/cybersectntdemo@appspot.gserviceaccount.com:testIamPermissions  
 {"permissions":["iam.serviceAccounts.actAs"]}
[debug] [2020-04-23T10:33:34.121Z] <<< HTTP RESPONSE 200 {"content-type":"application/json; charset=UTF-8","vary":"X-Origin, Referer, Origin,Accept-Encoding","date":"Thu, 23 Apr 2020 10:33:38 GMT","server":"ESF","cache-control":"private","x-xss-protection":"0","x-frame-options":"SAMEORIGIN","x-content-type-options":"nosniff","alt-svc":"quic=\":443\"; ma=2592000; v=\"46,43\",h3-Q050=\":443\"; ma=2592000,h3-Q049=\":443\"; ma=2592000,h3-Q048=\":443\"; ma=2592000,h3-Q046=\":443\"; ma=2592000,h3-Q043=\":443\"; ma=2592000,h3-T050=\":443\"; ma=2592000","accept-ranges":"none","transfer-encoding":"chunked"}
[debug] [2020-04-23T10:33:34.123Z] >>> HTTP REQUEST GET https://firebase.googleapis.com/v1beta1/projects/cybersectntdemo  
 
[debug] [2020-04-23T10:33:34.583Z] <<< HTTP RESPONSE 200 {"content-type":"application/json; charset=UTF-8","vary":"X-Origin, Referer, Origin,Accept-Encoding","date":"Thu, 23 Apr 2020 10:33:38 GMT","server":"ESF","cache-control":"private","x-xss-protection":"0","x-frame-options":"SAMEORIGIN","x-content-type-options":"nosniff","alt-svc":"quic=\":443\"; ma=2592000; v=\"46,43\",h3-Q050=\":443\"; ma=2592000,h3-Q049=\":443\"; ma=2592000,h3-Q048=\":443\"; ma=2592000,h3-Q046=\":443\"; ma=2592000,h3-Q043=\":443\"; ma=2592000,h3-T050=\":443\"; ma=2592000","accept-ranges":"none","transfer-encoding":"chunked"}
[debug] [2020-04-23T10:33:34.861Z] TypeError [ERR_INVALID_ARG_TYPE]: The "path" argument must be of type string. Received undefined
    at validateString (internal/validators.js:117:11)
    at Object.join (path.js:1039:7)
    at Object.checkFunctionsSDKVersion [as fn] (/Users/taal/.cache/firebase/tools/lib/node_modules/firebase-tools/lib/checkFirebaseSDKVersion.js:33:28)
    at Command.<anonymous> (/Users/taal/.cache/firebase/tools/lib/node_modules/firebase-tools/lib/command.js:159:30)
    at Generator.next (<anonymous>)
    at fulfilled (/Users/taal/.cache/firebase/tools/lib/node_modules/firebase-tools/lib/command.js:5:58)
    at processTicksAndRejections (internal/process/task_queues.js:97:5)
[error] 
[error] Error: An unexpected error has occurred.
[debug] [2020-04-23T10:33:41.453Z] ----------------------------------------------------------------------
[debug] [2020-04-23T10:33:41.455Z] Command:       /usr/local/bin/firebase /Users/taal/.cache/firebase/tools/lib/node_modules/firebase-tools/lib/bin/firebase init
[debug] [2020-04-23T10:33:41.455Z] CLI Version:   8.1.1
[debug] [2020-04-23T10:33:41.455Z] Platform:      darwin
[debug] [2020-04-23T10:33:41.455Z] Node Version:  v12.16.1
[debug] [2020-04-23T10:33:41.456Z] Time:          Thu Apr 23 2020 12:33:41 GMT+0200 (Eastern European Standard Time)
[debug] [2020-04-23T10:33:41.456Z] ----------------------------------------------------------------------
[debug] [2020-04-23T10:33:41.456Z] 
[debug] [2020-04-23T10:33:41.462Z] > command requires scopes: ["email","openid","https://www.googleapis.com/auth/cloudplatformprojects.readonly","https://www.googleapis.com/auth/firebase","https://www.googleapis.com/auth/cloud-platform"]
[debug] [2020-04-23T10:33:41.462Z] > authorizing via signed-in user
[info] 
     ######## #### ########  ######## ########     ###     ######  ########
     ##        ##  ##     ## ##       ##     ##  ##   ##  ##       ##
     ######    ##  ########  ######   ########  #########  ######  ######
     ##        ##  ##    ##  ##       ##     ## ##     ##       ## ##
     ##       #### ##     ## ######## ########  ##     ##  ######  ########

You're about to initialize a Firebase project in this directory:

  /Users/taal/Dropbox/CyberSquadQ8/main acp/acp

Before we get started, keep in mind:

  * You are initializing in an existing Firebase project directory

[debug] [2020-04-23T10:33:56.535Z] TypeError: Cannot read property 'setRawMode' of null
    at ReadStream.setRawMode (tty.js:75:28)
    at Interface._setRawMode (readline.js:283:16)
    at Interface.close (readline.js:406:10)
    at ReadStream.ontermend (readline.js:194:10)
    at ReadStream.emit (events.js:323:22)
    at ReadStream.EventEmitter.emit (domain.js:482:12)
    at endReadableNT (_stream_readable.js:1204:12)
    at processTicksAndRejections (internal/process/task_queues.js:84:21)
